2025-11-27 20:51:04.288 INFO  c.k.k.c.l.logback.LogbackConfigurator    - Logback default configuration initialized from: C:\Users\USER\.katalon\packages\KSE-10.4.2\configuration\org.eclipse.osgi\132\0\.cp\resources\logback\logback-execution.xml
2025-11-27 20:51:04.288 INFO  c.k.k.c.l.logback.LogbackConfigurator    - Logback custom configuration initialized from: T:\Lawrencon\Interview\Fix\case01\AutomationPracticeForm\AutomationPracticeForm\Include\config\log.properties
2025-11-27 20:51:04.727 INFO  c.k.katalon.core.main.TestSuiteExecutor  - START Test Suites/TSPracticeFormMinLengthMobileNumber
2025-11-27 20:51:04.895 INFO  c.k.katalon.core.main.TestSuiteExecutor  - userFullName = Taufik Romadhon
2025-11-27 20:51:04.895 INFO  c.k.katalon.core.main.TestSuiteExecutor  - projectName = AutomationPracticeForm
2025-11-27 20:51:04.905 INFO  c.k.katalon.core.main.TestSuiteExecutor  - hostName = USER - LAPTOP-KNF1HLK6
2025-11-27 20:51:04.905 INFO  c.k.katalon.core.main.TestSuiteExecutor  - os = Windows 11 64bit
2025-11-27 20:51:04.905 INFO  c.k.katalon.core.main.TestSuiteExecutor  - hostAddress = 10.156.170.155
2025-11-27 20:51:04.905 INFO  c.k.katalon.core.main.TestSuiteExecutor  - katalonVersion = 10.4.2.0
2025-11-27 20:51:05.519 INFO  c.k.katalon.core.main.TestCaseExecutor   - --------------------
2025-11-27 20:51:05.519 INFO  c.k.katalon.core.main.TestCaseExecutor   - START Test Cases/Negative/Case01-6-N6 Alert Notification For Min Length On Mobile Number Field
2025-11-27 20:51:05.588 INFO  c.k.katalon.core.main.TestCaseExecutor   - MobileNumber = 1234567
2025-11-27 20:51:06.005 DEBUG on For Min Length On Mobile Number Field - 1: openBrowser("")
2025-11-27 20:51:06.304 INFO  c.k.k.core.webui.driver.DriverFactory    - Starting 'Chrome (headless)' driver
2025-11-27 20:51:06.373 INFO  c.k.k.core.webui.driver.DriverFactory    - Action delay is set to 0 milliseconds
Nov 27, 2025 8:51:08 PM org.openqa.selenium.devtools.CdpVersionFinder findNearestMatch
WARNING: Unable to find an exact match for CDP version 142, returning the closest version; found: 138; Please update to a Selenium version that supports CDP version 142
2025-11-27 20:51:08.811 INFO  c.k.k.core.webui.driver.DriverFactory    - sessionId = 19287b3060524bba099f1c26150a6435
2025-11-27 20:51:08.812 INFO  c.k.k.core.webui.driver.DriverFactory    - browser = Chrome 142.0.7444.176
2025-11-27 20:51:08.814 INFO  c.k.k.core.webui.driver.DriverFactory    - platform = Windows 11
2025-11-27 20:51:08.814 INFO  c.k.k.core.webui.driver.DriverFactory    - seleniumVersion = 4.34.0
2025-11-27 20:51:08.823 INFO  c.k.k.core.webui.driver.DriverFactory    - proxyInformation = ProxyInformation { proxyOption=NO_PROXY, proxyServerType=HTTP, username=, password=********, proxyServerAddress=, proxyServerPort=0, executionList="", isApplyToDesiredCapabilities=true }
2025-11-27 20:51:08.866 DEBUG on For Min Length On Mobile Number Field - 2: navigateToUrl("https://demoqa.com/automation-practice-form")
2025-11-27 20:51:16.184 DEBUG on For Min Length On Mobile Number Field - 3: maximizeWindow()
2025-11-27 20:51:16.239 DEBUG on For Min Length On Mobile Number Field - 4: delay(2)
2025-11-27 20:51:18.265 DEBUG on For Min Length On Mobile Number Field - 5: verifyElementPresent(findTestObject("Page_DEMOQA/input_(10 Digits)_userNumber"), 8)
2025-11-27 20:51:18.608 DEBUG on For Min Length On Mobile Number Field - 6: verifyElementVisible(findTestObject("Page_DEMOQA/input_(10 Digits)_userNumber"), STOP_ON_FAILURE)
2025-11-27 20:51:18.907 DEBUG on For Min Length On Mobile Number Field - 7: delay(2)
2025-11-27 20:51:20.927 DEBUG on For Min Length On Mobile Number Field - 8: setText(findTestObject("Page_DEMOQA/input_(10 Digits)_userNumber"), MobileNumber)
2025-11-27 20:51:21.600 DEBUG on For Min Length On Mobile Number Field - 9: delay(2)
2025-11-27 20:51:23.612 DEBUG on For Min Length On Mobile Number Field - 10: verifyElementPresent(findTestObject("Object Repository/Page_DEMOQA/button_Submit"), 0)
2025-11-27 20:51:23.621 WARN  c.k.k.c.webui.common.WebUiCommonHelper   - Timeout '0' is invalid. Using default page load timeout: '10'
2025-11-27 20:51:23.881 DEBUG on For Min Length On Mobile Number Field - 11: delay(2)
2025-11-27 20:51:25.894 DEBUG on For Min Length On Mobile Number Field - 12: scrollToElement(findTestObject("Page_DEMOQA/button_Submit"), 100)
2025-11-27 20:51:26.149 DEBUG on For Min Length On Mobile Number Field - 13: delay(2)
2025-11-27 20:51:28.157 DEBUG on For Min Length On Mobile Number Field - 14: verifyElementVisible(findTestObject("Object Repository/Page_DEMOQA/button_Submit"), STOP_ON_FAILURE)
2025-11-27 20:51:28.435 DEBUG on For Min Length On Mobile Number Field - 15: delay(2)
2025-11-27 20:51:30.444 DEBUG on For Min Length On Mobile Number Field - 16: click(findTestObject("Object Repository/Page_DEMOQA/button_Submit"))
2025-11-27 20:51:30.800 DEBUG on For Min Length On Mobile Number Field - 17: delay(2)
2025-11-27 20:51:32.812 DEBUG on For Min Length On Mobile Number Field - 18: scrollToElement(findTestObject("Page_DEMOQA/input_(10 Digits)_userNumber"), 0)
2025-11-27 20:51:32.821 WARN  c.k.k.c.webui.common.WebUiCommonHelper   - Timeout '0' is invalid. Using default page load timeout: '10'
2025-11-27 20:51:33.068 DEBUG on For Min Length On Mobile Number Field - 19: delay(2)
2025-11-27 20:51:35.076 DEBUG on For Min Length On Mobile Number Field - 20: verifyElementPresent(findTestObject("Page_DEMOQA/input_(10 Digits)_userNumber"), 8)
2025-11-27 20:51:35.323 DEBUG on For Min Length On Mobile Number Field - 21: click(findTestObject("Page_DEMOQA/input_(10 Digits)_userNumber"))
2025-11-27 20:51:35.675 DEBUG on For Min Length On Mobile Number Field - 22: verifyElementPresent(findTestObject("Page_DEMOQA/class_Mobile_Number_Invalid"), 8)
2025-11-27 20:51:35.921 INFO  c.k.katalon.core.main.TestCaseExecutor   - END Test Cases/Negative/Case01-6-N6 Alert Notification For Min Length On Mobile Number Field
2025-11-27 20:51:35.926 INFO  c.k.katalon.core.main.TestCaseExecutor   - --------------------
2025-11-27 20:51:35.926 INFO  c.k.katalon.core.main.TestCaseExecutor   - START Test Cases/Negative/Case01-6-N6 Alert Notification For Min Length On Mobile Number Field
2025-11-27 20:51:35.938 INFO  c.k.katalon.core.main.TestCaseExecutor   - MobileNumber = 1234567
2025-11-27 20:51:35.939 DEBUG on For Min Length On Mobile Number Field - 1: openBrowser("")
2025-11-27 20:51:35.943 WARN  c.k.k.core.webui.driver.DriverFactory    - A browser is already opened. Closing browser and opening a new one
2025-11-27 20:51:37.219 INFO  c.k.k.core.webui.driver.DriverFactory    - Starting 'Chrome (headless)' driver
2025-11-27 20:51:37.220 INFO  c.k.k.core.webui.driver.DriverFactory    - Action delay is set to 0 milliseconds
Nov 27, 2025 8:51:37 PM org.openqa.selenium.devtools.CdpVersionFinder findNearestMatch
WARNING: Unable to find an exact match for CDP version 142, returning the closest version; found: 138; Please update to a Selenium version that supports CDP version 142
2025-11-27 20:51:37.966 INFO  c.k.k.core.webui.driver.DriverFactory    - sessionId = 3d012beb38fda6f0dd0dc7ccad65f1e7
2025-11-27 20:51:37.967 INFO  c.k.k.core.webui.driver.DriverFactory    - browser = Chrome 142.0.7444.176
2025-11-27 20:51:37.968 INFO  c.k.k.core.webui.driver.DriverFactory    - platform = Windows 11
2025-11-27 20:51:37.968 INFO  c.k.k.core.webui.driver.DriverFactory    - seleniumVersion = 4.34.0
2025-11-27 20:51:37.969 INFO  c.k.k.core.webui.driver.DriverFactory    - proxyInformation = ProxyInformation { proxyOption=NO_PROXY, proxyServerType=HTTP, username=, password=********, proxyServerAddress=, proxyServerPort=0, executionList="", isApplyToDesiredCapabilities=true }
2025-11-27 20:51:37.985 DEBUG on For Min Length On Mobile Number Field - 2: navigateToUrl("https://demoqa.com/automation-practice-form")
2025-11-27 20:51:44.949 DEBUG on For Min Length On Mobile Number Field - 3: maximizeWindow()
2025-11-27 20:51:44.993 DEBUG on For Min Length On Mobile Number Field - 4: delay(2)
2025-11-27 20:51:47.005 DEBUG on For Min Length On Mobile Number Field - 5: verifyElementPresent(findTestObject("Page_DEMOQA/input_(10 Digits)_userNumber"), 8)
2025-11-27 20:51:47.266 DEBUG on For Min Length On Mobile Number Field - 6: verifyElementVisible(findTestObject("Page_DEMOQA/input_(10 Digits)_userNumber"), STOP_ON_FAILURE)
2025-11-27 20:51:47.546 DEBUG on For Min Length On Mobile Number Field - 7: delay(2)
2025-11-27 20:51:49.563 DEBUG on For Min Length On Mobile Number Field - 8: setText(findTestObject("Page_DEMOQA/input_(10 Digits)_userNumber"), MobileNumber)
2025-11-27 20:51:50.246 DEBUG on For Min Length On Mobile Number Field - 9: delay(2)
2025-11-27 20:51:52.260 DEBUG on For Min Length On Mobile Number Field - 10: verifyElementPresent(findTestObject("Object Repository/Page_DEMOQA/button_Submit"), 0)
2025-11-27 20:51:52.267 WARN  c.k.k.c.webui.common.WebUiCommonHelper   - Timeout '0' is invalid. Using default page load timeout: '10'
2025-11-27 20:51:52.520 DEBUG on For Min Length On Mobile Number Field - 11: delay(2)
2025-11-27 20:51:54.532 DEBUG on For Min Length On Mobile Number Field - 12: scrollToElement(findTestObject("Page_DEMOQA/button_Submit"), 100)
2025-11-27 20:51:54.788 DEBUG on For Min Length On Mobile Number Field - 13: delay(2)
2025-11-27 20:51:56.805 DEBUG on For Min Length On Mobile Number Field - 14: verifyElementVisible(findTestObject("Object Repository/Page_DEMOQA/button_Submit"), STOP_ON_FAILURE)
2025-11-27 20:51:57.057 DEBUG on For Min Length On Mobile Number Field - 15: delay(2)
2025-11-27 20:51:59.072 DEBUG on For Min Length On Mobile Number Field - 16: click(findTestObject("Object Repository/Page_DEMOQA/button_Submit"))
2025-11-27 20:51:59.414 DEBUG on For Min Length On Mobile Number Field - 17: delay(2)
2025-11-27 20:52:01.429 DEBUG on For Min Length On Mobile Number Field - 18: scrollToElement(findTestObject("Page_DEMOQA/input_(10 Digits)_userNumber"), 0)
2025-11-27 20:52:01.435 WARN  c.k.k.c.webui.common.WebUiCommonHelper   - Timeout '0' is invalid. Using default page load timeout: '10'
2025-11-27 20:52:01.679 DEBUG on For Min Length On Mobile Number Field - 19: delay(2)
2025-11-27 20:52:03.688 DEBUG on For Min Length On Mobile Number Field - 20: verifyElementPresent(findTestObject("Page_DEMOQA/input_(10 Digits)_userNumber"), 8)
2025-11-27 20:52:03.936 DEBUG on For Min Length On Mobile Number Field - 21: click(findTestObject("Page_DEMOQA/input_(10 Digits)_userNumber"))
2025-11-27 20:52:04.262 DEBUG on For Min Length On Mobile Number Field - 22: verifyElementPresent(findTestObject("Page_DEMOQA/class_Mobile_Number_Invalid"), 8)
2025-11-27 20:52:04.500 INFO  c.k.katalon.core.main.TestCaseExecutor   - END Test Cases/Negative/Case01-6-N6 Alert Notification For Min Length On Mobile Number Field
2025-11-27 20:52:04.504 INFO  c.k.katalon.core.main.TestCaseExecutor   - --------------------
2025-11-27 20:52:04.504 INFO  c.k.katalon.core.main.TestCaseExecutor   - START Test Cases/Negative/Case01-6-N6 Alert Notification For Min Length On Mobile Number Field
2025-11-27 20:52:04.516 INFO  c.k.katalon.core.main.TestCaseExecutor   - MobileNumber = 1234567
2025-11-27 20:52:04.519 DEBUG on For Min Length On Mobile Number Field - 1: openBrowser("")
2025-11-27 20:52:04.521 WARN  c.k.k.core.webui.driver.DriverFactory    - A browser is already opened. Closing browser and opening a new one
2025-11-27 20:52:05.795 INFO  c.k.k.core.webui.driver.DriverFactory    - Starting 'Chrome (headless)' driver
2025-11-27 20:52:05.796 INFO  c.k.k.core.webui.driver.DriverFactory    - Action delay is set to 0 milliseconds
Nov 27, 2025 8:52:06 PM org.openqa.selenium.devtools.CdpVersionFinder findNearestMatch
WARNING: Unable to find an exact match for CDP version 142, returning the closest version; found: 138; Please update to a Selenium version that supports CDP version 142
2025-11-27 20:52:06.541 INFO  c.k.k.core.webui.driver.DriverFactory    - sessionId = ea54866cc01084c00943e2557195ca5e
2025-11-27 20:52:06.542 INFO  c.k.k.core.webui.driver.DriverFactory    - browser = Chrome 142.0.7444.176
2025-11-27 20:52:06.542 INFO  c.k.k.core.webui.driver.DriverFactory    - platform = Windows 11
2025-11-27 20:52:06.543 INFO  c.k.k.core.webui.driver.DriverFactory    - seleniumVersion = 4.34.0
2025-11-27 20:52:06.543 INFO  c.k.k.core.webui.driver.DriverFactory    - proxyInformation = ProxyInformation { proxyOption=NO_PROXY, proxyServerType=HTTP, username=, password=********, proxyServerAddress=, proxyServerPort=0, executionList="", isApplyToDesiredCapabilities=true }
2025-11-27 20:52:06.560 DEBUG on For Min Length On Mobile Number Field - 2: navigateToUrl("https://demoqa.com/automation-practice-form")
2025-11-27 20:52:12.843 DEBUG on For Min Length On Mobile Number Field - 3: maximizeWindow()
2025-11-27 20:52:12.879 DEBUG on For Min Length On Mobile Number Field - 4: delay(2)
2025-11-27 20:52:14.887 DEBUG on For Min Length On Mobile Number Field - 5: verifyElementPresent(findTestObject("Page_DEMOQA/input_(10 Digits)_userNumber"), 8)
2025-11-27 20:52:15.143 DEBUG on For Min Length On Mobile Number Field - 6: verifyElementVisible(findTestObject("Page_DEMOQA/input_(10 Digits)_userNumber"), STOP_ON_FAILURE)
2025-11-27 20:52:15.409 DEBUG on For Min Length On Mobile Number Field - 7: delay(2)
2025-11-27 20:52:17.426 DEBUG on For Min Length On Mobile Number Field - 8: setText(findTestObject("Page_DEMOQA/input_(10 Digits)_userNumber"), MobileNumber)
2025-11-27 20:52:18.098 DEBUG on For Min Length On Mobile Number Field - 9: delay(2)
2025-11-27 20:52:20.108 DEBUG on For Min Length On Mobile Number Field - 10: verifyElementPresent(findTestObject("Object Repository/Page_DEMOQA/button_Submit"), 0)
2025-11-27 20:52:20.113 WARN  c.k.k.c.webui.common.WebUiCommonHelper   - Timeout '0' is invalid. Using default page load timeout: '10'
2025-11-27 20:52:20.353 DEBUG on For Min Length On Mobile Number Field - 11: delay(2)
2025-11-27 20:52:22.369 DEBUG on For Min Length On Mobile Number Field - 12: scrollToElement(findTestObject("Page_DEMOQA/button_Submit"), 100)
2025-11-27 20:52:22.626 DEBUG on For Min Length On Mobile Number Field - 13: delay(2)
2025-11-27 20:52:24.633 DEBUG on For Min Length On Mobile Number Field - 14: verifyElementVisible(findTestObject("Object Repository/Page_DEMOQA/button_Submit"), STOP_ON_FAILURE)
2025-11-27 20:52:24.907 DEBUG on For Min Length On Mobile Number Field - 15: delay(2)
2025-11-27 20:52:26.911 DEBUG on For Min Length On Mobile Number Field - 16: click(findTestObject("Object Repository/Page_DEMOQA/button_Submit"))
2025-11-27 20:52:27.261 DEBUG on For Min Length On Mobile Number Field - 17: delay(2)
2025-11-27 20:52:29.270 DEBUG on For Min Length On Mobile Number Field - 18: scrollToElement(findTestObject("Page_DEMOQA/input_(10 Digits)_userNumber"), 0)
2025-11-27 20:52:29.275 WARN  c.k.k.c.webui.common.WebUiCommonHelper   - Timeout '0' is invalid. Using default page load timeout: '10'
2025-11-27 20:52:29.516 DEBUG on For Min Length On Mobile Number Field - 19: delay(2)
2025-11-27 20:52:31.531 DEBUG on For Min Length On Mobile Number Field - 20: verifyElementPresent(findTestObject("Page_DEMOQA/input_(10 Digits)_userNumber"), 8)
2025-11-27 20:52:31.776 DEBUG on For Min Length On Mobile Number Field - 21: click(findTestObject("Page_DEMOQA/input_(10 Digits)_userNumber"))
2025-11-27 20:52:32.105 DEBUG on For Min Length On Mobile Number Field - 22: verifyElementPresent(findTestObject("Page_DEMOQA/class_Mobile_Number_Invalid"), 8)
2025-11-27 20:52:32.357 INFO  c.k.katalon.core.main.TestCaseExecutor   - END Test Cases/Negative/Case01-6-N6 Alert Notification For Min Length On Mobile Number Field
2025-11-27 20:52:33.663 INFO  c.k.katalon.core.main.TestSuiteExecutor  - --------------------
2025-11-27 20:52:33.663 INFO  c.k.katalon.core.main.TestSuiteExecutor  - END Test Suites/TSPracticeFormMinLengthMobileNumber
2025-11-27 20:52:33.663 INFO  c.k.katalon.core.main.TestSuiteExecutor  - ====================
