2025-11-27 22:02:25.368 INFO  c.k.k.c.l.logback.LogbackConfigurator    - Logback default configuration initialized from: C:\Users\USER\.katalon\packages\KSE-10.4.2\configuration\org.eclipse.osgi\132\0\.cp\resources\logback\logback-execution.xml
2025-11-27 22:02:25.373 INFO  c.k.k.c.l.logback.LogbackConfigurator    - Logback custom configuration initialized from: T:\Lawencon\Interview\Fix\case01\AutomationPracticeForm\AutomationPracticeForm\Include\config\log.properties
2025-11-27 22:02:25.953 INFO  c.k.katalon.core.main.TestSuiteExecutor  - START Test Suites/TSPracticeFormPositive
2025-11-27 22:02:26.209 INFO  c.k.katalon.core.main.TestSuiteExecutor  - userFullName = Taufik Romadhon
2025-11-27 22:02:26.211 INFO  c.k.katalon.core.main.TestSuiteExecutor  - projectName = AutomationPracticeForm
2025-11-27 22:02:26.217 INFO  c.k.katalon.core.main.TestSuiteExecutor  - hostName = USER - LAPTOP-KNF1HLK6
2025-11-27 22:02:26.221 INFO  c.k.katalon.core.main.TestSuiteExecutor  - os = Windows 11 64bit
2025-11-27 22:02:26.225 INFO  c.k.katalon.core.main.TestSuiteExecutor  - hostAddress = 10.156.170.155
2025-11-27 22:02:26.227 INFO  c.k.katalon.core.main.TestSuiteExecutor  - katalonVersion = 10.4.2.0
2025-11-27 22:02:27.588 INFO  c.k.katalon.core.main.TestCaseExecutor   - --------------------
2025-11-27 22:02:27.589 INFO  c.k.katalon.core.main.TestCaseExecutor   - START Test Cases/Positive/Case01-8-P1 Success Submit Practice Form
2025-11-27 22:02:27.818 INFO  c.k.katalon.core.main.TestCaseExecutor   - Firstname = Awal
2025-11-27 22:02:27.819 INFO  c.k.katalon.core.main.TestCaseExecutor   - Lastname = Akhir
2025-11-27 22:02:27.820 INFO  c.k.katalon.core.main.TestCaseExecutor   - EmailAddress = email@email.com
2025-11-27 22:02:27.821 INFO  c.k.katalon.core.main.TestCaseExecutor   - MobileNumber = 0858567891
2025-11-27 22:02:27.821 INFO  c.k.katalon.core.main.TestCaseExecutor   - DateOfBirth = 17 Aug 1945
2025-11-27 22:02:27.822 INFO  c.k.katalon.core.main.TestCaseExecutor   - FilePathInputBrowse = /Data Files/Images/person-dummy.jpg
2025-11-27 22:02:27.823 INFO  c.k.katalon.core.main.TestCaseExecutor   - Subjects = Math
2025-11-27 22:02:27.825 INFO  c.k.katalon.core.main.TestCaseExecutor   - CurrentAddress = Sample Address A
2025-11-27 22:02:27.826 INFO  c.k.katalon.core.main.TestCaseExecutor   - State = NCR
2025-11-27 22:02:27.827 INFO  c.k.katalon.core.main.TestCaseExecutor   - City = Delhi
2025-11-27 22:02:28.620 DEBUG Case01-8-P1 Success Submit Practice Form - 1: openBrowser("")
2025-11-27 22:02:28.920 INFO  c.k.k.core.webui.driver.DriverFactory    - Starting 'Chrome (headless)' driver
2025-11-27 22:02:29.008 INFO  c.k.k.core.webui.driver.DriverFactory    - Action delay is set to 0 milliseconds
Nov 27, 2025 10:02:30 PM org.openqa.selenium.devtools.CdpVersionFinder findNearestMatch
WARNING: Unable to find an exact match for CDP version 142, returning the closest version; found: 138; Please update to a Selenium version that supports CDP version 142
2025-11-27 22:02:31.178 INFO  c.k.k.core.webui.driver.DriverFactory    - sessionId = 0aec8a92643e114a885be42b05702a07
2025-11-27 22:02:31.180 INFO  c.k.k.core.webui.driver.DriverFactory    - browser = Chrome 142.0.7444.176
2025-11-27 22:02:31.181 INFO  c.k.k.core.webui.driver.DriverFactory    - platform = Windows 11
2025-11-27 22:02:31.184 INFO  c.k.k.core.webui.driver.DriverFactory    - seleniumVersion = 4.34.0
2025-11-27 22:02:31.205 INFO  c.k.k.core.webui.driver.DriverFactory    - proxyInformation = ProxyInformation { proxyOption=NO_PROXY, proxyServerType=HTTP, username=, password=********, proxyServerAddress=, proxyServerPort=0, executionList="", isApplyToDesiredCapabilities=true }
2025-11-27 22:02:31.278 DEBUG Case01-8-P1 Success Submit Practice Form - 2: navigateToUrl("https://demoqa.com/automation-practice-form")
2025-11-27 22:02:57.252 DEBUG Case01-8-P1 Success Submit Practice Form - 3: delay(2)
2025-11-27 22:02:59.287 DEBUG Case01-8-P1 Success Submit Practice Form - 4: maximizeWindow()
2025-11-27 22:02:59.340 DEBUG Case01-8-P1 Success Submit Practice Form - 5: verifyElementPresent(findTestObject("Page_DEMOQA/input_Name_firstName"), 8)
2025-11-27 22:02:59.705 DEBUG Case01-8-P1 Success Submit Practice Form - 6: verifyElementVisible(findTestObject("Page_DEMOQA/input_Name_firstName"), STOP_ON_FAILURE)
2025-11-27 22:03:00.023 DEBUG Case01-8-P1 Success Submit Practice Form - 7: setText(findTestObject("Page_DEMOQA/input_Name_firstName"), Firstname)
2025-11-27 22:03:00.805 DEBUG Case01-8-P1 Success Submit Practice Form - 8: verifyElementPresent(findTestObject("Page_DEMOQA/input_Name_lastName"), 8)
2025-11-27 22:03:01.070 DEBUG Case01-8-P1 Success Submit Practice Form - 9: verifyElementVisible(findTestObject("Page_DEMOQA/input_Name_lastName"), STOP_ON_FAILURE)
2025-11-27 22:03:01.340 DEBUG Case01-8-P1 Success Submit Practice Form - 10: setText(findTestObject("Page_DEMOQA/input_Name_lastName"), Lastname)
2025-11-27 22:03:02.017 DEBUG Case01-8-P1 Success Submit Practice Form - 11: verifyElementPresent(findTestObject("Page_DEMOQA/input_Email_userEmail"), 8)
2025-11-27 22:03:02.284 DEBUG Case01-8-P1 Success Submit Practice Form - 12: scrollToElement(findTestObject("Page_DEMOQA/input_Email_userEmail"), 8)
2025-11-27 22:03:02.566 DEBUG Case01-8-P1 Success Submit Practice Form - 13: delay(2)
2025-11-27 22:03:04.576 DEBUG Case01-8-P1 Success Submit Practice Form - 14: verifyElementVisible(findTestObject("Page_DEMOQA/input_Email_userEmail"), STOP_ON_FAILURE)
2025-11-27 22:03:04.833 DEBUG Case01-8-P1 Success Submit Practice Form - 15: setText(findTestObject("Page_DEMOQA/input_Email_userEmail"), EmailAddress)
2025-11-27 22:03:05.521 DEBUG Case01-8-P1 Success Submit Practice Form - 16: verifyElementPresent(findTestObject("Page_DEMOQA/input_Gender_Male"), 8)
2025-11-27 22:03:05.775 DEBUG Case01-8-P1 Success Submit Practice Form - 17: verifyElementPresent(findTestObject("Page_DEMOQA/input_Gender_Female"), 8)
2025-11-27 22:03:06.021 DEBUG Case01-8-P1 Success Submit Practice Form - 18: verifyElementPresent(findTestObject("Page_DEMOQA/input_Gender_Other"), 8)
2025-11-27 22:03:06.270 DEBUG Case01-8-P1 Success Submit Practice Form - 19: scrollToElement(findTestObject("Page_DEMOQA/input_Gender_Male"), 100)
2025-11-27 22:03:06.536 DEBUG Case01-8-P1 Success Submit Practice Form - 20: delay(2)
2025-11-27 22:03:08.557 DEBUG Case01-8-P1 Success Submit Practice Form - 21: verifyElementClickable(findTestObject("Page_DEMOQA/input_Gender_Male"), STOP_ON_FAILURE)
2025-11-27 22:03:08.559 WARN  Case01-8-P1 Success Submit Practice Form - SKIPPED NOT_RUN: verifyElementClickable(findTestObject("Page_DEMOQA/input_Gender_Male"), STOP_ON_FAILURE)
2025-11-27 22:03:08.561 DEBUG Case01-8-P1 Success Submit Practice Form - 22: enhancedClick(findTestObject("Page_DEMOQA/input_Gender_Male"))
2025-11-27 22:03:20.475 DEBUG Case01-8-P1 Success Submit Practice Form - 23: verifyElementPresent(findTestObject("Page_DEMOQA/input_(10 Digits)_userNumber"), 8)
2025-11-27 22:03:20.751 DEBUG Case01-8-P1 Success Submit Practice Form - 24: scrollToElement(findTestObject("Page_DEMOQA/input_(10 Digits)_userNumber"), 8)
2025-11-27 22:03:21.024 DEBUG Case01-8-P1 Success Submit Practice Form - 25: delay(2)
2025-11-27 22:03:23.051 DEBUG Case01-8-P1 Success Submit Practice Form - 26: verifyElementVisible(findTestObject("Page_DEMOQA/input_(10 Digits)_userNumber"), STOP_ON_FAILURE)
2025-11-27 22:03:23.313 DEBUG Case01-8-P1 Success Submit Practice Form - 27: setText(findTestObject("Page_DEMOQA/input_(10 Digits)_userNumber"), MobileNumber)
2025-11-27 22:03:23.971 DEBUG Case01-8-P1 Success Submit Practice Form - 28: verifyElementPresent(findTestObject("Page_DEMOQA/input_DateOfBirth"), 8)
2025-11-27 22:03:24.231 DEBUG Case01-8-P1 Success Submit Practice Form - 29: verifyElementVisible(findTestObject("Page_DEMOQA/input_DateOfBirth"), STOP_ON_FAILURE)
2025-11-27 22:03:24.501 DEBUG Case01-8-P1 Success Submit Practice Form - 30: sendKeys(findTestObject("Page_DEMOQA/input_DateOfBirth"), Keys.chord(ARROW_LEFT, ARROW_LEFT, ARROW_LEFT, ARROW_LEFT, ARROW_LEFT, ARROW_LEFT, ARROW_LEFT, ARROW_LEFT, ARROW_LEFT, ARROW_LEFT, ARROW_LEFT))
2025-11-27 22:03:24.919 DEBUG Case01-8-P1 Success Submit Practice Form - 31: delay(2)
2025-11-27 22:03:26.933 DEBUG Case01-8-P1 Success Submit Practice Form - 32: sendKeys(findTestObject("Page_DEMOQA/input_DateOfBirth"), Keys.chord(DELETE, DELETE, DELETE, DELETE, DELETE, DELETE, DELETE, DELETE, DELETE, DELETE))
2025-11-27 22:03:27.347 DEBUG Case01-8-P1 Success Submit Practice Form - 33: setText(findTestObject("Page_DEMOQA/input_DateOfBirth"), DateOfBirth)
2025-11-27 22:03:28.293 DEBUG Case01-8-P1 Success Submit Practice Form - 34: sendKeys(findTestObject("Page_DEMOQA/input_DateOfBirth"), Keys.chord(ARROW_LEFT, ARROW_LEFT, ARROW_LEFT, ARROW_LEFT, ARROW_LEFT, ARROW_LEFT, ARROW_LEFT, ARROW_LEFT, ARROW_LEFT, ARROW_LEFT, ARROW_LEFT))
2025-11-27 22:03:28.833 DEBUG Case01-8-P1 Success Submit Practice Form - 35: delay(2)
2025-11-27 22:03:30.844 DEBUG Case01-8-P1 Success Submit Practice Form - 36: sendKeys(findTestObject("Page_DEMOQA/input_DateOfBirth"), Keys.chord(BACK_SPACE, ENTER))
2025-11-27 22:03:31.156 DEBUG Case01-8-P1 Success Submit Practice Form - 37: delay(2)
2025-11-27 22:03:33.163 DEBUG Case01-8-P1 Success Submit Practice Form - 38: verifyElementPresent(findTestObject("Page_DEMOQA/input_SubjectsInput"), 8)
2025-11-27 22:03:33.407 DEBUG Case01-8-P1 Success Submit Practice Form - 39: scrollToElement(findTestObject("Page_DEMOQA/input_SubjectsInput"), 8)
2025-11-27 22:03:33.664 DEBUG Case01-8-P1 Success Submit Practice Form - 40: delay(2)
2025-11-27 22:03:35.679 DEBUG Case01-8-P1 Success Submit Practice Form - 41: verifyElementVisible(findTestObject("Page_DEMOQA/input_SubjectsInput"), STOP_ON_FAILURE)
2025-11-27 22:03:35.933 DEBUG Case01-8-P1 Success Submit Practice Form - 42: setText(findTestObject("Page_DEMOQA/input_SubjectsInput"), Subjects)
2025-11-27 22:03:36.609 DEBUG Case01-8-P1 Success Submit Practice Form - 43: sendKeys(findTestObject("Page_DEMOQA/input_SubjectsInput"), Keys.chord(ENTER))
2025-11-27 22:03:37.151 DEBUG Case01-8-P1 Success Submit Practice Form - 44: verifyElementPresent(findTestObject("Page_DEMOQA/input_Hobbies_Sports"), 8)
2025-11-27 22:03:37.614 DEBUG Case01-8-P1 Success Submit Practice Form - 45: verifyElementPresent(findTestObject("Page_DEMOQA/input_Hobbies_Reading"), 8)
2025-11-27 22:03:37.859 DEBUG Case01-8-P1 Success Submit Practice Form - 46: verifyElementPresent(findTestObject("Page_DEMOQA/input_Hobbies_Music"), 8)
2025-11-27 22:03:38.107 DEBUG Case01-8-P1 Success Submit Practice Form - 47: scrollToElement(findTestObject("Page_DEMOQA/input_Hobbies_Sports"), 8)
2025-11-27 22:03:38.359 DEBUG Case01-8-P1 Success Submit Practice Form - 48: delay(2)
2025-11-27 22:03:40.373 DEBUG Case01-8-P1 Success Submit Practice Form - 49: enhancedClick(findTestObject("Page_DEMOQA/input_Hobbies_Sports"))
2025-11-27 22:03:52.135 DEBUG Case01-8-P1 Success Submit Practice Form - 50: verifyElementPresent(findTestObject("Page_DEMOQA/input_Browse"), 8)
2025-11-27 22:03:52.387 DEBUG Case01-8-P1 Success Submit Practice Form - 51: verifyElementPresent(findTestObject("Page_DEMOQA/input_Browse"), 8)
2025-11-27 22:03:52.645 DEBUG Case01-8-P1 Success Submit Practice Form - 52: uploadFile(findTestObject("Page_DEMOQA/input_Browse"), getProjectDir() + FilePathInputBrowse)
2025-11-27 22:03:52.936 DEBUG Case01-8-P1 Success Submit Practice Form - 53: delay(2)
2025-11-27 22:03:54.946 DEBUG Case01-8-P1 Success Submit Practice Form - 54: switchToDefaultContent(STOP_ON_FAILURE)
2025-11-27 22:03:54.986 DEBUG Case01-8-P1 Success Submit Practice Form - 55: delay(2)
2025-11-27 22:03:57.015 DEBUG Case01-8-P1 Success Submit Practice Form - 56: verifyElementPresent(findTestObject("Page_DEMOQA/textarea_CurrentAddress"), 8)
2025-11-27 22:03:57.278 DEBUG Case01-8-P1 Success Submit Practice Form - 57: scrollToElement(findTestObject("Page_DEMOQA/textarea_CurrentAddress"), 8)
2025-11-27 22:03:57.532 DEBUG Case01-8-P1 Success Submit Practice Form - 58: verifyElementVisible(findTestObject("Page_DEMOQA/textarea_CurrentAddress"), STOP_ON_FAILURE)
2025-11-27 22:03:57.781 DEBUG Case01-8-P1 Success Submit Practice Form - 59: setText(findTestObject("Page_DEMOQA/textarea_CurrentAddress"), CurrentAddress)
2025-11-27 22:03:58.453 DEBUG Case01-8-P1 Success Submit Practice Form - 60: verifyElementPresent(findTestObject("Page_DEMOQA/input_Select_State_old"), 8)
2025-11-27 22:03:58.696 DEBUG Case01-8-P1 Success Submit Practice Form - 61: scrollToElement(findTestObject("Page_DEMOQA/input_Select_State_old"), 8)
2025-11-27 22:03:58.947 DEBUG Case01-8-P1 Success Submit Practice Form - 62: delay(2)
2025-11-27 22:04:00.957 DEBUG Case01-8-P1 Success Submit Practice Form - 63: enhancedClick(findTestObject("Page_DEMOQA/input_Select_State_old"), STOP_ON_FAILURE)
2025-11-27 22:04:03.538 DEBUG Case01-8-P1 Success Submit Practice Form - 64: setText(findTestObject("Page_DEMOQA/input_Select_State_old"), State)
2025-11-27 22:04:13.570 WARN  c.k.k.c.w.k.builtin.SetTextKeyword       - Waiting for element timed out
2025-11-27 22:04:13.852 WARN  c.k.k.c.w.k.builtin.SetTextKeyword       - Waiting for element timed out
2025-11-27 22:04:13.921 DEBUG Case01-8-P1 Success Submit Practice Form - 65: sendKeys(findTestObject("Page_DEMOQA/input_Select_State_old"), Keys.chord(ENTER))
2025-11-27 22:04:14.463 DEBUG Case01-8-P1 Success Submit Practice Form - 66: delay(2)
2025-11-27 22:04:16.470 DEBUG Case01-8-P1 Success Submit Practice Form - 67: verifyElementPresent(findTestObject("Page_DEMOQA/input_Select_City"), 0)
2025-11-27 22:04:16.477 WARN  c.k.k.c.webui.common.WebUiCommonHelper   - Timeout '0' is invalid. Using default page load timeout: '10'
2025-11-27 22:04:16.717 DEBUG Case01-8-P1 Success Submit Practice Form - 68: enhancedClick(findTestObject("Page_DEMOQA/input_Select_City"), STOP_ON_FAILURE)
2025-11-27 22:04:19.322 DEBUG Case01-8-P1 Success Submit Practice Form - 69: setText(findTestObject("Page_DEMOQA/input_Select_City"), City)
2025-11-27 22:04:29.356 WARN  c.k.k.c.w.k.builtin.SetTextKeyword       - Waiting for element timed out
2025-11-27 22:04:29.662 WARN  c.k.k.c.w.k.builtin.SetTextKeyword       - Waiting for element timed out
2025-11-27 22:04:29.770 DEBUG Case01-8-P1 Success Submit Practice Form - 70: sendKeys(findTestObject("Page_DEMOQA/input_Select_City"), Keys.chord(ENTER))
2025-11-27 22:04:30.323 DEBUG Case01-8-P1 Success Submit Practice Form - 71: delay(2)
2025-11-27 22:04:32.344 DEBUG Case01-8-P1 Success Submit Practice Form - 72: verifyElementPresent(findTestObject("Object Repository/Page_DEMOQA/button_Submit"), 0)
2025-11-27 22:04:32.350 WARN  c.k.k.c.webui.common.WebUiCommonHelper   - Timeout '0' is invalid. Using default page load timeout: '10'
2025-11-27 22:04:32.586 DEBUG Case01-8-P1 Success Submit Practice Form - 73: scrollToElement(findTestObject("Object Repository/Page_DEMOQA/button_Submit"), 0)
2025-11-27 22:04:32.593 WARN  c.k.k.c.webui.common.WebUiCommonHelper   - Timeout '0' is invalid. Using default page load timeout: '10'
2025-11-27 22:04:32.856 DEBUG Case01-8-P1 Success Submit Practice Form - 74: delay(2)
2025-11-27 22:04:34.865 DEBUG Case01-8-P1 Success Submit Practice Form - 75: verifyElementVisible(findTestObject("Object Repository/Page_DEMOQA/button_Submit"), STOP_ON_FAILURE)
2025-11-27 22:04:35.121 DEBUG Case01-8-P1 Success Submit Practice Form - 76: delay(2)
2025-11-27 22:04:37.136 DEBUG Case01-8-P1 Success Submit Practice Form - 77: click(findTestObject("Object Repository/Page_DEMOQA/button_Submit"))
2025-11-27 22:04:37.490 DEBUG Case01-8-P1 Success Submit Practice Form - 78: delay(2)
2025-11-27 22:04:39.512 DEBUG Case01-8-P1 Success Submit Practice Form - 79: verifyElementVisible(findTestObject("Page_DEMOQA/div_Modal_Success"))
2025-11-27 22:04:39.785 DEBUG Case01-8-P1 Success Submit Practice Form - 80: verifyElementPresent(findTestObject("Page_DEMOQA/button_Close"), 0)
2025-11-27 22:04:39.794 WARN  c.k.k.c.webui.common.WebUiCommonHelper   - Timeout '0' is invalid. Using default page load timeout: '10'
2025-11-27 22:04:40.037 DEBUG Case01-8-P1 Success Submit Practice Form - 81: verifyElementVisible(findTestObject("Page_DEMOQA/button_Close"))
2025-11-27 22:04:40.302 INFO  c.k.katalon.core.main.TestCaseExecutor   - END Test Cases/Positive/Case01-8-P1 Success Submit Practice Form
2025-11-27 22:04:40.356 INFO  c.k.katalon.core.main.TestCaseExecutor   - --------------------
2025-11-27 22:04:40.356 INFO  c.k.katalon.core.main.TestCaseExecutor   - START Test Cases/Positive/Case01-8-P1 Success Submit Practice Form
2025-11-27 22:04:40.389 INFO  c.k.katalon.core.main.TestCaseExecutor   - Firstname = Awaal
2025-11-27 22:04:40.390 INFO  c.k.katalon.core.main.TestCaseExecutor   - Lastname = Akhiir
2025-11-27 22:04:40.390 INFO  c.k.katalon.core.main.TestCaseExecutor   - EmailAddress = email@email.com
2025-11-27 22:04:40.390 INFO  c.k.katalon.core.main.TestCaseExecutor   - MobileNumber = 0858567892
2025-11-27 22:04:40.390 INFO  c.k.katalon.core.main.TestCaseExecutor   - DateOfBirth = 18 Jan 1945
2025-11-27 22:04:40.391 INFO  c.k.katalon.core.main.TestCaseExecutor   - FilePathInputBrowse = /Data Files/Images/person-dummy.jpg
2025-11-27 22:04:40.393 INFO  c.k.katalon.core.main.TestCaseExecutor   - Subjects = Math
2025-11-27 22:04:40.394 INFO  c.k.katalon.core.main.TestCaseExecutor   - CurrentAddress = Sample Address B
2025-11-27 22:04:40.395 INFO  c.k.katalon.core.main.TestCaseExecutor   - State = NCR
2025-11-27 22:04:40.395 INFO  c.k.katalon.core.main.TestCaseExecutor   - City = Delhi
2025-11-27 22:04:40.397 DEBUG Case01-8-P1 Success Submit Practice Form - 1: openBrowser("")
2025-11-27 22:04:40.400 WARN  c.k.k.core.webui.driver.DriverFactory    - A browser is already opened. Closing browser and opening a new one
2025-11-27 22:04:41.705 INFO  c.k.k.core.webui.driver.DriverFactory    - Starting 'Chrome (headless)' driver
2025-11-27 22:04:41.707 INFO  c.k.k.core.webui.driver.DriverFactory    - Action delay is set to 0 milliseconds
Nov 27, 2025 10:04:42 PM org.openqa.selenium.devtools.CdpVersionFinder findNearestMatch
WARNING: Unable to find an exact match for CDP version 142, returning the closest version; found: 138; Please update to a Selenium version that supports CDP version 142
2025-11-27 22:04:42.521 INFO  c.k.k.core.webui.driver.DriverFactory    - sessionId = 4fdefd16fa9262940e0f240df10d19ab
2025-11-27 22:04:42.521 INFO  c.k.k.core.webui.driver.DriverFactory    - browser = Chrome 142.0.7444.176
2025-11-27 22:04:42.522 INFO  c.k.k.core.webui.driver.DriverFactory    - platform = Windows 11
2025-11-27 22:04:42.523 INFO  c.k.k.core.webui.driver.DriverFactory    - seleniumVersion = 4.34.0
2025-11-27 22:04:42.524 INFO  c.k.k.core.webui.driver.DriverFactory    - proxyInformation = ProxyInformation { proxyOption=NO_PROXY, proxyServerType=HTTP, username=, password=********, proxyServerAddress=, proxyServerPort=0, executionList="", isApplyToDesiredCapabilities=true }
2025-11-27 22:04:42.552 DEBUG Case01-8-P1 Success Submit Practice Form - 2: navigateToUrl("https://demoqa.com/automation-practice-form")
2025-11-27 22:04:47.423 DEBUG Case01-8-P1 Success Submit Practice Form - 3: delay(2)
2025-11-27 22:04:49.430 DEBUG Case01-8-P1 Success Submit Practice Form - 4: maximizeWindow()
2025-11-27 22:04:49.466 DEBUG Case01-8-P1 Success Submit Practice Form - 5: verifyElementPresent(findTestObject("Page_DEMOQA/input_Name_firstName"), 8)
2025-11-27 22:04:49.720 DEBUG Case01-8-P1 Success Submit Practice Form - 6: verifyElementVisible(findTestObject("Page_DEMOQA/input_Name_firstName"), STOP_ON_FAILURE)
2025-11-27 22:04:49.984 DEBUG Case01-8-P1 Success Submit Practice Form - 7: setText(findTestObject("Page_DEMOQA/input_Name_firstName"), Firstname)
2025-11-27 22:04:50.669 DEBUG Case01-8-P1 Success Submit Practice Form - 8: verifyElementPresent(findTestObject("Page_DEMOQA/input_Name_lastName"), 8)
2025-11-27 22:04:50.923 DEBUG Case01-8-P1 Success Submit Practice Form - 9: verifyElementVisible(findTestObject("Page_DEMOQA/input_Name_lastName"), STOP_ON_FAILURE)
2025-11-27 22:04:51.177 DEBUG Case01-8-P1 Success Submit Practice Form - 10: setText(findTestObject("Page_DEMOQA/input_Name_lastName"), Lastname)
2025-11-27 22:04:51.806 DEBUG Case01-8-P1 Success Submit Practice Form - 11: verifyElementPresent(findTestObject("Page_DEMOQA/input_Email_userEmail"), 8)
2025-11-27 22:04:52.059 DEBUG Case01-8-P1 Success Submit Practice Form - 12: scrollToElement(findTestObject("Page_DEMOQA/input_Email_userEmail"), 8)
2025-11-27 22:04:52.313 DEBUG Case01-8-P1 Success Submit Practice Form - 13: delay(2)
2025-11-27 22:04:54.320 DEBUG Case01-8-P1 Success Submit Practice Form - 14: verifyElementVisible(findTestObject("Page_DEMOQA/input_Email_userEmail"), STOP_ON_FAILURE)
2025-11-27 22:04:54.569 DEBUG Case01-8-P1 Success Submit Practice Form - 15: setText(findTestObject("Page_DEMOQA/input_Email_userEmail"), EmailAddress)
2025-11-27 22:04:55.288 DEBUG Case01-8-P1 Success Submit Practice Form - 16: verifyElementPresent(findTestObject("Page_DEMOQA/input_Gender_Male"), 8)
2025-11-27 22:04:55.537 DEBUG Case01-8-P1 Success Submit Practice Form - 17: verifyElementPresent(findTestObject("Page_DEMOQA/input_Gender_Female"), 8)
2025-11-27 22:04:55.797 DEBUG Case01-8-P1 Success Submit Practice Form - 18: verifyElementPresent(findTestObject("Page_DEMOQA/input_Gender_Other"), 8)
2025-11-27 22:04:56.038 DEBUG Case01-8-P1 Success Submit Practice Form - 19: scrollToElement(findTestObject("Page_DEMOQA/input_Gender_Male"), 100)
2025-11-27 22:04:56.292 DEBUG Case01-8-P1 Success Submit Practice Form - 20: delay(2)
2025-11-27 22:04:58.302 DEBUG Case01-8-P1 Success Submit Practice Form - 21: verifyElementClickable(findTestObject("Page_DEMOQA/input_Gender_Male"), STOP_ON_FAILURE)
2025-11-27 22:04:58.303 WARN  Case01-8-P1 Success Submit Practice Form - SKIPPED NOT_RUN: verifyElementClickable(findTestObject("Page_DEMOQA/input_Gender_Male"), STOP_ON_FAILURE)
2025-11-27 22:04:58.303 DEBUG Case01-8-P1 Success Submit Practice Form - 22: enhancedClick(findTestObject("Page_DEMOQA/input_Gender_Male"))
2025-11-27 22:05:10.104 DEBUG Case01-8-P1 Success Submit Practice Form - 23: verifyElementPresent(findTestObject("Page_DEMOQA/input_(10 Digits)_userNumber"), 8)
2025-11-27 22:05:10.356 DEBUG Case01-8-P1 Success Submit Practice Form - 24: scrollToElement(findTestObject("Page_DEMOQA/input_(10 Digits)_userNumber"), 8)
2025-11-27 22:05:10.628 DEBUG Case01-8-P1 Success Submit Practice Form - 25: delay(2)
2025-11-27 22:05:12.640 DEBUG Case01-8-P1 Success Submit Practice Form - 26: verifyElementVisible(findTestObject("Page_DEMOQA/input_(10 Digits)_userNumber"), STOP_ON_FAILURE)
2025-11-27 22:05:12.893 DEBUG Case01-8-P1 Success Submit Practice Form - 27: setText(findTestObject("Page_DEMOQA/input_(10 Digits)_userNumber"), MobileNumber)
2025-11-27 22:05:13.533 DEBUG Case01-8-P1 Success Submit Practice Form - 28: verifyElementPresent(findTestObject("Page_DEMOQA/input_DateOfBirth"), 8)
2025-11-27 22:05:13.788 DEBUG Case01-8-P1 Success Submit Practice Form - 29: verifyElementVisible(findTestObject("Page_DEMOQA/input_DateOfBirth"), STOP_ON_FAILURE)
2025-11-27 22:05:14.044 DEBUG Case01-8-P1 Success Submit Practice Form - 30: sendKeys(findTestObject("Page_DEMOQA/input_DateOfBirth"), Keys.chord(ARROW_LEFT, ARROW_LEFT, ARROW_LEFT, ARROW_LEFT, ARROW_LEFT, ARROW_LEFT, ARROW_LEFT, ARROW_LEFT, ARROW_LEFT, ARROW_LEFT, ARROW_LEFT))
2025-11-27 22:05:14.454 DEBUG Case01-8-P1 Success Submit Practice Form - 31: delay(2)
2025-11-27 22:05:16.464 DEBUG Case01-8-P1 Success Submit Practice Form - 32: sendKeys(findTestObject("Page_DEMOQA/input_DateOfBirth"), Keys.chord(DELETE, DELETE, DELETE, DELETE, DELETE, DELETE, DELETE, DELETE, DELETE, DELETE))
2025-11-27 22:05:16.857 DEBUG Case01-8-P1 Success Submit Practice Form - 33: setText(findTestObject("Page_DEMOQA/input_DateOfBirth"), DateOfBirth)
2025-11-27 22:05:17.826 DEBUG Case01-8-P1 Success Submit Practice Form - 34: sendKeys(findTestObject("Page_DEMOQA/input_DateOfBirth"), Keys.chord(ARROW_LEFT, ARROW_LEFT, ARROW_LEFT, ARROW_LEFT, ARROW_LEFT, ARROW_LEFT, ARROW_LEFT, ARROW_LEFT, ARROW_LEFT, ARROW_LEFT, ARROW_LEFT))
2025-11-27 22:05:18.247 DEBUG Case01-8-P1 Success Submit Practice Form - 35: delay(2)
2025-11-27 22:05:20.255 DEBUG Case01-8-P1 Success Submit Practice Form - 36: sendKeys(findTestObject("Page_DEMOQA/input_DateOfBirth"), Keys.chord(BACK_SPACE, ENTER))
2025-11-27 22:05:20.575 DEBUG Case01-8-P1 Success Submit Practice Form - 37: delay(2)
2025-11-27 22:05:22.583 DEBUG Case01-8-P1 Success Submit Practice Form - 38: verifyElementPresent(findTestObject("Page_DEMOQA/input_SubjectsInput"), 8)
2025-11-27 22:05:22.830 DEBUG Case01-8-P1 Success Submit Practice Form - 39: scrollToElement(findTestObject("Page_DEMOQA/input_SubjectsInput"), 8)
2025-11-27 22:05:23.098 DEBUG Case01-8-P1 Success Submit Practice Form - 40: delay(2)
2025-11-27 22:05:25.108 DEBUG Case01-8-P1 Success Submit Practice Form - 41: verifyElementVisible(findTestObject("Page_DEMOQA/input_SubjectsInput"), STOP_ON_FAILURE)
2025-11-27 22:05:25.361 DEBUG Case01-8-P1 Success Submit Practice Form - 42: setText(findTestObject("Page_DEMOQA/input_SubjectsInput"), Subjects)
2025-11-27 22:05:26.018 DEBUG Case01-8-P1 Success Submit Practice Form - 43: sendKeys(findTestObject("Page_DEMOQA/input_SubjectsInput"), Keys.chord(ENTER))
2025-11-27 22:05:26.538 DEBUG Case01-8-P1 Success Submit Practice Form - 44: verifyElementPresent(findTestObject("Page_DEMOQA/input_Hobbies_Sports"), 8)
2025-11-27 22:05:26.999 DEBUG Case01-8-P1 Success Submit Practice Form - 45: verifyElementPresent(findTestObject("Page_DEMOQA/input_Hobbies_Reading"), 8)
2025-11-27 22:05:27.250 DEBUG Case01-8-P1 Success Submit Practice Form - 46: verifyElementPresent(findTestObject("Page_DEMOQA/input_Hobbies_Music"), 8)
2025-11-27 22:05:27.509 DEBUG Case01-8-P1 Success Submit Practice Form - 47: scrollToElement(findTestObject("Page_DEMOQA/input_Hobbies_Sports"), 8)
2025-11-27 22:05:27.748 DEBUG Case01-8-P1 Success Submit Practice Form - 48: delay(2)
2025-11-27 22:05:29.760 DEBUG Case01-8-P1 Success Submit Practice Form - 49: enhancedClick(findTestObject("Page_DEMOQA/input_Hobbies_Sports"))
2025-11-27 22:05:41.578 DEBUG Case01-8-P1 Success Submit Practice Form - 50: verifyElementPresent(findTestObject("Page_DEMOQA/input_Browse"), 8)
2025-11-27 22:05:41.820 DEBUG Case01-8-P1 Success Submit Practice Form - 51: verifyElementPresent(findTestObject("Page_DEMOQA/input_Browse"), 8)
2025-11-27 22:05:42.050 DEBUG Case01-8-P1 Success Submit Practice Form - 52: uploadFile(findTestObject("Page_DEMOQA/input_Browse"), getProjectDir() + FilePathInputBrowse)
2025-11-27 22:05:42.323 DEBUG Case01-8-P1 Success Submit Practice Form - 53: delay(2)
2025-11-27 22:05:44.333 DEBUG Case01-8-P1 Success Submit Practice Form - 54: switchToDefaultContent(STOP_ON_FAILURE)
2025-11-27 22:05:44.348 DEBUG Case01-8-P1 Success Submit Practice Form - 55: delay(2)
2025-11-27 22:05:46.359 DEBUG Case01-8-P1 Success Submit Practice Form - 56: verifyElementPresent(findTestObject("Page_DEMOQA/textarea_CurrentAddress"), 8)
2025-11-27 22:05:46.604 DEBUG Case01-8-P1 Success Submit Practice Form - 57: scrollToElement(findTestObject("Page_DEMOQA/textarea_CurrentAddress"), 8)
2025-11-27 22:05:46.843 DEBUG Case01-8-P1 Success Submit Practice Form - 58: verifyElementVisible(findTestObject("Page_DEMOQA/textarea_CurrentAddress"), STOP_ON_FAILURE)
2025-11-27 22:05:47.094 DEBUG Case01-8-P1 Success Submit Practice Form - 59: setText(findTestObject("Page_DEMOQA/textarea_CurrentAddress"), CurrentAddress)
2025-11-27 22:05:47.733 DEBUG Case01-8-P1 Success Submit Practice Form - 60: verifyElementPresent(findTestObject("Page_DEMOQA/input_Select_State_old"), 8)
2025-11-27 22:05:47.991 DEBUG Case01-8-P1 Success Submit Practice Form - 61: scrollToElement(findTestObject("Page_DEMOQA/input_Select_State_old"), 8)
2025-11-27 22:05:48.244 DEBUG Case01-8-P1 Success Submit Practice Form - 62: delay(2)
2025-11-27 22:05:50.259 DEBUG Case01-8-P1 Success Submit Practice Form - 63: enhancedClick(findTestObject("Page_DEMOQA/input_Select_State_old"), STOP_ON_FAILURE)
2025-11-27 22:05:52.863 DEBUG Case01-8-P1 Success Submit Practice Form - 64: setText(findTestObject("Page_DEMOQA/input_Select_State_old"), State)
2025-11-27 22:06:02.876 WARN  c.k.k.c.w.k.builtin.SetTextKeyword       - Waiting for element timed out
2025-11-27 22:06:03.138 WARN  c.k.k.c.w.k.builtin.SetTextKeyword       - Waiting for element timed out
2025-11-27 22:06:03.199 DEBUG Case01-8-P1 Success Submit Practice Form - 65: sendKeys(findTestObject("Page_DEMOQA/input_Select_State_old"), Keys.chord(ENTER))
2025-11-27 22:06:03.720 DEBUG Case01-8-P1 Success Submit Practice Form - 66: delay(2)
2025-11-27 22:06:05.728 DEBUG Case01-8-P1 Success Submit Practice Form - 67: verifyElementPresent(findTestObject("Page_DEMOQA/input_Select_City"), 0)
2025-11-27 22:06:05.733 WARN  c.k.k.c.webui.common.WebUiCommonHelper   - Timeout '0' is invalid. Using default page load timeout: '10'
2025-11-27 22:06:05.972 DEBUG Case01-8-P1 Success Submit Practice Form - 68: enhancedClick(findTestObject("Page_DEMOQA/input_Select_City"), STOP_ON_FAILURE)
2025-11-27 22:06:08.566 DEBUG Case01-8-P1 Success Submit Practice Form - 69: setText(findTestObject("Page_DEMOQA/input_Select_City"), City)
2025-11-27 22:06:18.591 WARN  c.k.k.c.w.k.builtin.SetTextKeyword       - Waiting for element timed out
2025-11-27 22:06:18.858 WARN  c.k.k.c.w.k.builtin.SetTextKeyword       - Waiting for element timed out
2025-11-27 22:06:18.929 DEBUG Case01-8-P1 Success Submit Practice Form - 70: sendKeys(findTestObject("Page_DEMOQA/input_Select_City"), Keys.chord(ENTER))
2025-11-27 22:06:19.459 DEBUG Case01-8-P1 Success Submit Practice Form - 71: delay(2)
2025-11-27 22:06:21.475 DEBUG Case01-8-P1 Success Submit Practice Form - 72: verifyElementPresent(findTestObject("Object Repository/Page_DEMOQA/button_Submit"), 0)
2025-11-27 22:06:21.479 WARN  c.k.k.c.webui.common.WebUiCommonHelper   - Timeout '0' is invalid. Using default page load timeout: '10'
2025-11-27 22:06:21.706 DEBUG Case01-8-P1 Success Submit Practice Form - 73: scrollToElement(findTestObject("Object Repository/Page_DEMOQA/button_Submit"), 0)
2025-11-27 22:06:21.710 WARN  c.k.k.c.webui.common.WebUiCommonHelper   - Timeout '0' is invalid. Using default page load timeout: '10'
2025-11-27 22:06:21.945 DEBUG Case01-8-P1 Success Submit Practice Form - 74: delay(2)
2025-11-27 22:06:23.948 DEBUG Case01-8-P1 Success Submit Practice Form - 75: verifyElementVisible(findTestObject("Object Repository/Page_DEMOQA/button_Submit"), STOP_ON_FAILURE)
2025-11-27 22:06:24.198 DEBUG Case01-8-P1 Success Submit Practice Form - 76: delay(2)
2025-11-27 22:06:26.216 DEBUG Case01-8-P1 Success Submit Practice Form - 77: click(findTestObject("Object Repository/Page_DEMOQA/button_Submit"))
2025-11-27 22:06:26.564 DEBUG Case01-8-P1 Success Submit Practice Form - 78: delay(2)
2025-11-27 22:06:28.576 DEBUG Case01-8-P1 Success Submit Practice Form - 79: verifyElementVisible(findTestObject("Page_DEMOQA/div_Modal_Success"))
2025-11-27 22:06:28.829 DEBUG Case01-8-P1 Success Submit Practice Form - 80: verifyElementPresent(findTestObject("Page_DEMOQA/button_Close"), 0)
2025-11-27 22:06:28.833 WARN  c.k.k.c.webui.common.WebUiCommonHelper   - Timeout '0' is invalid. Using default page load timeout: '10'
2025-11-27 22:06:29.068 DEBUG Case01-8-P1 Success Submit Practice Form - 81: verifyElementVisible(findTestObject("Page_DEMOQA/button_Close"))
2025-11-27 22:06:29.309 INFO  c.k.katalon.core.main.TestCaseExecutor   - END Test Cases/Positive/Case01-8-P1 Success Submit Practice Form
2025-11-27 22:06:29.356 INFO  c.k.katalon.core.main.TestCaseExecutor   - --------------------
2025-11-27 22:06:29.356 INFO  c.k.katalon.core.main.TestCaseExecutor   - START Test Cases/Positive/Case01-8-P1 Success Submit Practice Form
2025-11-27 22:06:29.375 INFO  c.k.katalon.core.main.TestCaseExecutor   - Firstname = Awaaal
2025-11-27 22:06:29.375 INFO  c.k.katalon.core.main.TestCaseExecutor   - Lastname = Akhiiir
2025-11-27 22:06:29.375 INFO  c.k.katalon.core.main.TestCaseExecutor   - EmailAddress = email@email.com
2025-11-27 22:06:29.376 INFO  c.k.katalon.core.main.TestCaseExecutor   - MobileNumber = 0858567893
2025-11-27 22:06:29.376 INFO  c.k.katalon.core.main.TestCaseExecutor   - DateOfBirth = 19 Des 1945
2025-11-27 22:06:29.376 INFO  c.k.katalon.core.main.TestCaseExecutor   - FilePathInputBrowse = /Data Files/Images/person-dummy.jpg
2025-11-27 22:06:29.376 INFO  c.k.katalon.core.main.TestCaseExecutor   - Subjects = Math
2025-11-27 22:06:29.377 INFO  c.k.katalon.core.main.TestCaseExecutor   - CurrentAddress = Sample Address C
2025-11-27 22:06:29.377 INFO  c.k.katalon.core.main.TestCaseExecutor   - State = NCR
2025-11-27 22:06:29.378 INFO  c.k.katalon.core.main.TestCaseExecutor   - City = Delhi
2025-11-27 22:06:29.379 DEBUG Case01-8-P1 Success Submit Practice Form - 1: openBrowser("")
2025-11-27 22:06:29.381 WARN  c.k.k.core.webui.driver.DriverFactory    - A browser is already opened. Closing browser and opening a new one
2025-11-27 22:06:30.675 INFO  c.k.k.core.webui.driver.DriverFactory    - Starting 'Chrome (headless)' driver
2025-11-27 22:06:30.676 INFO  c.k.k.core.webui.driver.DriverFactory    - Action delay is set to 0 milliseconds
Nov 27, 2025 10:06:31 PM org.openqa.selenium.devtools.CdpVersionFinder findNearestMatch
WARNING: Unable to find an exact match for CDP version 142, returning the closest version; found: 138; Please update to a Selenium version that supports CDP version 142
2025-11-27 22:06:31.465 INFO  c.k.k.core.webui.driver.DriverFactory    - sessionId = 5b5b6a9660263ba50add7bfbe216eefb
2025-11-27 22:06:31.465 INFO  c.k.k.core.webui.driver.DriverFactory    - browser = Chrome 142.0.7444.176
2025-11-27 22:06:31.466 INFO  c.k.k.core.webui.driver.DriverFactory    - platform = Windows 11
2025-11-27 22:06:31.466 INFO  c.k.k.core.webui.driver.DriverFactory    - seleniumVersion = 4.34.0
2025-11-27 22:06:31.466 INFO  c.k.k.core.webui.driver.DriverFactory    - proxyInformation = ProxyInformation { proxyOption=NO_PROXY, proxyServerType=HTTP, username=, password=********, proxyServerAddress=, proxyServerPort=0, executionList="", isApplyToDesiredCapabilities=true }
2025-11-27 22:06:31.480 DEBUG Case01-8-P1 Success Submit Practice Form - 2: navigateToUrl("https://demoqa.com/automation-practice-form")
2025-11-27 22:06:39.092 DEBUG Case01-8-P1 Success Submit Practice Form - 3: delay(2)
2025-11-27 22:06:41.108 DEBUG Case01-8-P1 Success Submit Practice Form - 4: maximizeWindow()
2025-11-27 22:06:41.144 DEBUG Case01-8-P1 Success Submit Practice Form - 5: verifyElementPresent(findTestObject("Page_DEMOQA/input_Name_firstName"), 8)
2025-11-27 22:06:41.410 DEBUG Case01-8-P1 Success Submit Practice Form - 6: verifyElementVisible(findTestObject("Page_DEMOQA/input_Name_firstName"), STOP_ON_FAILURE)
2025-11-27 22:06:41.653 DEBUG Case01-8-P1 Success Submit Practice Form - 7: setText(findTestObject("Page_DEMOQA/input_Name_firstName"), Firstname)
2025-11-27 22:06:42.317 DEBUG Case01-8-P1 Success Submit Practice Form - 8: verifyElementPresent(findTestObject("Page_DEMOQA/input_Name_lastName"), 8)
2025-11-27 22:06:42.575 DEBUG Case01-8-P1 Success Submit Practice Form - 9: verifyElementVisible(findTestObject("Page_DEMOQA/input_Name_lastName"), STOP_ON_FAILURE)
2025-11-27 22:06:42.840 DEBUG Case01-8-P1 Success Submit Practice Form - 10: setText(findTestObject("Page_DEMOQA/input_Name_lastName"), Lastname)
2025-11-27 22:06:43.507 DEBUG Case01-8-P1 Success Submit Practice Form - 11: verifyElementPresent(findTestObject("Page_DEMOQA/input_Email_userEmail"), 8)
2025-11-27 22:06:43.747 DEBUG Case01-8-P1 Success Submit Practice Form - 12: scrollToElement(findTestObject("Page_DEMOQA/input_Email_userEmail"), 8)
2025-11-27 22:06:44.011 DEBUG Case01-8-P1 Success Submit Practice Form - 13: delay(2)
2025-11-27 22:06:46.026 DEBUG Case01-8-P1 Success Submit Practice Form - 14: verifyElementVisible(findTestObject("Page_DEMOQA/input_Email_userEmail"), STOP_ON_FAILURE)
2025-11-27 22:06:46.275 DEBUG Case01-8-P1 Success Submit Practice Form - 15: setText(findTestObject("Page_DEMOQA/input_Email_userEmail"), EmailAddress)
2025-11-27 22:06:46.918 DEBUG Case01-8-P1 Success Submit Practice Form - 16: verifyElementPresent(findTestObject("Page_DEMOQA/input_Gender_Male"), 8)
2025-11-27 22:06:47.174 DEBUG Case01-8-P1 Success Submit Practice Form - 17: verifyElementPresent(findTestObject("Page_DEMOQA/input_Gender_Female"), 8)
2025-11-27 22:06:47.435 DEBUG Case01-8-P1 Success Submit Practice Form - 18: verifyElementPresent(findTestObject("Page_DEMOQA/input_Gender_Other"), 8)
2025-11-27 22:06:47.684 DEBUG Case01-8-P1 Success Submit Practice Form - 19: scrollToElement(findTestObject("Page_DEMOQA/input_Gender_Male"), 100)
2025-11-27 22:06:47.929 DEBUG Case01-8-P1 Success Submit Practice Form - 20: delay(2)
2025-11-27 22:06:49.939 DEBUG Case01-8-P1 Success Submit Practice Form - 21: verifyElementClickable(findTestObject("Page_DEMOQA/input_Gender_Male"), STOP_ON_FAILURE)
2025-11-27 22:06:49.941 WARN  Case01-8-P1 Success Submit Practice Form - SKIPPED NOT_RUN: verifyElementClickable(findTestObject("Page_DEMOQA/input_Gender_Male"), STOP_ON_FAILURE)
2025-11-27 22:06:49.942 DEBUG Case01-8-P1 Success Submit Practice Form - 22: enhancedClick(findTestObject("Page_DEMOQA/input_Gender_Male"))
2025-11-27 22:07:01.673 DEBUG Case01-8-P1 Success Submit Practice Form - 23: verifyElementPresent(findTestObject("Page_DEMOQA/input_(10 Digits)_userNumber"), 8)
2025-11-27 22:07:01.924 DEBUG Case01-8-P1 Success Submit Practice Form - 24: scrollToElement(findTestObject("Page_DEMOQA/input_(10 Digits)_userNumber"), 8)
2025-11-27 22:07:02.175 DEBUG Case01-8-P1 Success Submit Practice Form - 25: delay(2)
2025-11-27 22:07:04.177 DEBUG Case01-8-P1 Success Submit Practice Form - 26: verifyElementVisible(findTestObject("Page_DEMOQA/input_(10 Digits)_userNumber"), STOP_ON_FAILURE)
2025-11-27 22:07:04.431 DEBUG Case01-8-P1 Success Submit Practice Form - 27: setText(findTestObject("Page_DEMOQA/input_(10 Digits)_userNumber"), MobileNumber)
2025-11-27 22:07:05.059 DEBUG Case01-8-P1 Success Submit Practice Form - 28: verifyElementPresent(findTestObject("Page_DEMOQA/input_DateOfBirth"), 8)
2025-11-27 22:07:05.296 DEBUG Case01-8-P1 Success Submit Practice Form - 29: verifyElementVisible(findTestObject("Page_DEMOQA/input_DateOfBirth"), STOP_ON_FAILURE)
2025-11-27 22:07:05.550 DEBUG Case01-8-P1 Success Submit Practice Form - 30: sendKeys(findTestObject("Page_DEMOQA/input_DateOfBirth"), Keys.chord(ARROW_LEFT, ARROW_LEFT, ARROW_LEFT, ARROW_LEFT, ARROW_LEFT, ARROW_LEFT, ARROW_LEFT, ARROW_LEFT, ARROW_LEFT, ARROW_LEFT, ARROW_LEFT))
2025-11-27 22:07:05.929 DEBUG Case01-8-P1 Success Submit Practice Form - 31: delay(2)
2025-11-27 22:07:07.938 DEBUG Case01-8-P1 Success Submit Practice Form - 32: sendKeys(findTestObject("Page_DEMOQA/input_DateOfBirth"), Keys.chord(DELETE, DELETE, DELETE, DELETE, DELETE, DELETE, DELETE, DELETE, DELETE, DELETE))
2025-11-27 22:07:08.324 DEBUG Case01-8-P1 Success Submit Practice Form - 33: setText(findTestObject("Page_DEMOQA/input_DateOfBirth"), DateOfBirth)
2025-11-27 22:07:09.226 DEBUG Case01-8-P1 Success Submit Practice Form - 34: sendKeys(findTestObject("Page_DEMOQA/input_DateOfBirth"), Keys.chord(ARROW_LEFT, ARROW_LEFT, ARROW_LEFT, ARROW_LEFT, ARROW_LEFT, ARROW_LEFT, ARROW_LEFT, ARROW_LEFT, ARROW_LEFT, ARROW_LEFT, ARROW_LEFT))
2025-11-27 22:07:09.739 DEBUG Case01-8-P1 Success Submit Practice Form - 35: delay(2)
2025-11-27 22:07:11.755 DEBUG Case01-8-P1 Success Submit Practice Form - 36: sendKeys(findTestObject("Page_DEMOQA/input_DateOfBirth"), Keys.chord(BACK_SPACE, ENTER))
2025-11-27 22:07:12.058 DEBUG Case01-8-P1 Success Submit Practice Form - 37: delay(2)
2025-11-27 22:07:14.073 DEBUG Case01-8-P1 Success Submit Practice Form - 38: verifyElementPresent(findTestObject("Page_DEMOQA/input_SubjectsInput"), 8)
2025-11-27 22:07:14.316 DEBUG Case01-8-P1 Success Submit Practice Form - 39: scrollToElement(findTestObject("Page_DEMOQA/input_SubjectsInput"), 8)
2025-11-27 22:07:14.573 DEBUG Case01-8-P1 Success Submit Practice Form - 40: delay(2)
2025-11-27 22:07:16.585 DEBUG Case01-8-P1 Success Submit Practice Form - 41: verifyElementVisible(findTestObject("Page_DEMOQA/input_SubjectsInput"), STOP_ON_FAILURE)
2025-11-27 22:07:16.835 DEBUG Case01-8-P1 Success Submit Practice Form - 42: setText(findTestObject("Page_DEMOQA/input_SubjectsInput"), Subjects)
2025-11-27 22:07:17.472 DEBUG Case01-8-P1 Success Submit Practice Form - 43: sendKeys(findTestObject("Page_DEMOQA/input_SubjectsInput"), Keys.chord(ENTER))
2025-11-27 22:07:17.990 DEBUG Case01-8-P1 Success Submit Practice Form - 44: verifyElementPresent(findTestObject("Page_DEMOQA/input_Hobbies_Sports"), 8)
2025-11-27 22:07:18.448 DEBUG Case01-8-P1 Success Submit Practice Form - 45: verifyElementPresent(findTestObject("Page_DEMOQA/input_Hobbies_Reading"), 8)
2025-11-27 22:07:18.698 DEBUG Case01-8-P1 Success Submit Practice Form - 46: verifyElementPresent(findTestObject("Page_DEMOQA/input_Hobbies_Music"), 8)
2025-11-27 22:07:18.942 DEBUG Case01-8-P1 Success Submit Practice Form - 47: scrollToElement(findTestObject("Page_DEMOQA/input_Hobbies_Sports"), 8)
2025-11-27 22:07:19.182 DEBUG Case01-8-P1 Success Submit Practice Form - 48: delay(2)
2025-11-27 22:07:21.187 DEBUG Case01-8-P1 Success Submit Practice Form - 49: enhancedClick(findTestObject("Page_DEMOQA/input_Hobbies_Sports"))
2025-11-27 22:07:32.966 DEBUG Case01-8-P1 Success Submit Practice Form - 50: verifyElementPresent(findTestObject("Page_DEMOQA/input_Browse"), 8)
2025-11-27 22:07:33.211 DEBUG Case01-8-P1 Success Submit Practice Form - 51: verifyElementPresent(findTestObject("Page_DEMOQA/input_Browse"), 8)
2025-11-27 22:07:33.459 DEBUG Case01-8-P1 Success Submit Practice Form - 52: uploadFile(findTestObject("Page_DEMOQA/input_Browse"), getProjectDir() + FilePathInputBrowse)
2025-11-27 22:07:33.716 DEBUG Case01-8-P1 Success Submit Practice Form - 53: delay(2)
2025-11-27 22:07:35.734 DEBUG Case01-8-P1 Success Submit Practice Form - 54: switchToDefaultContent(STOP_ON_FAILURE)
2025-11-27 22:07:35.749 DEBUG Case01-8-P1 Success Submit Practice Form - 55: delay(2)
2025-11-27 22:07:37.759 DEBUG Case01-8-P1 Success Submit Practice Form - 56: verifyElementPresent(findTestObject("Page_DEMOQA/textarea_CurrentAddress"), 8)
2025-11-27 22:07:38.016 DEBUG Case01-8-P1 Success Submit Practice Form - 57: scrollToElement(findTestObject("Page_DEMOQA/textarea_CurrentAddress"), 8)
2025-11-27 22:07:38.271 DEBUG Case01-8-P1 Success Submit Practice Form - 58: verifyElementVisible(findTestObject("Page_DEMOQA/textarea_CurrentAddress"), STOP_ON_FAILURE)
2025-11-27 22:07:38.520 DEBUG Case01-8-P1 Success Submit Practice Form - 59: setText(findTestObject("Page_DEMOQA/textarea_CurrentAddress"), CurrentAddress)
2025-11-27 22:07:39.147 DEBUG Case01-8-P1 Success Submit Practice Form - 60: verifyElementPresent(findTestObject("Page_DEMOQA/input_Select_State_old"), 8)
2025-11-27 22:07:39.397 DEBUG Case01-8-P1 Success Submit Practice Form - 61: scrollToElement(findTestObject("Page_DEMOQA/input_Select_State_old"), 8)
2025-11-27 22:07:39.656 DEBUG Case01-8-P1 Success Submit Practice Form - 62: delay(2)
2025-11-27 22:07:41.672 DEBUG Case01-8-P1 Success Submit Practice Form - 63: enhancedClick(findTestObject("Page_DEMOQA/input_Select_State_old"), STOP_ON_FAILURE)
2025-11-27 22:07:44.263 DEBUG Case01-8-P1 Success Submit Practice Form - 64: setText(findTestObject("Page_DEMOQA/input_Select_State_old"), State)
2025-11-27 22:07:54.277 WARN  c.k.k.c.w.k.builtin.SetTextKeyword       - Waiting for element timed out
2025-11-27 22:07:54.540 WARN  c.k.k.c.w.k.builtin.SetTextKeyword       - Waiting for element timed out
2025-11-27 22:07:54.596 DEBUG Case01-8-P1 Success Submit Practice Form - 65: sendKeys(findTestObject("Page_DEMOQA/input_Select_State_old"), Keys.chord(ENTER))
2025-11-27 22:07:55.120 DEBUG Case01-8-P1 Success Submit Practice Form - 66: delay(2)
2025-11-27 22:07:57.137 DEBUG Case01-8-P1 Success Submit Practice Form - 67: verifyElementPresent(findTestObject("Page_DEMOQA/input_Select_City"), 0)
2025-11-27 22:07:57.141 WARN  c.k.k.c.webui.common.WebUiCommonHelper   - Timeout '0' is invalid. Using default page load timeout: '10'
2025-11-27 22:07:57.365 DEBUG Case01-8-P1 Success Submit Practice Form - 68: enhancedClick(findTestObject("Page_DEMOQA/input_Select_City"), STOP_ON_FAILURE)
2025-11-27 22:07:59.898 DEBUG Case01-8-P1 Success Submit Practice Form - 69: setText(findTestObject("Page_DEMOQA/input_Select_City"), City)
2025-11-27 22:08:09.920 WARN  c.k.k.c.w.k.builtin.SetTextKeyword       - Waiting for element timed out
2025-11-27 22:08:10.182 WARN  c.k.k.c.w.k.builtin.SetTextKeyword       - Waiting for element timed out
2025-11-27 22:08:10.243 DEBUG Case01-8-P1 Success Submit Practice Form - 70: sendKeys(findTestObject("Page_DEMOQA/input_Select_City"), Keys.chord(ENTER))
2025-11-27 22:08:10.761 DEBUG Case01-8-P1 Success Submit Practice Form - 71: delay(2)
2025-11-27 22:08:12.770 DEBUG Case01-8-P1 Success Submit Practice Form - 72: verifyElementPresent(findTestObject("Object Repository/Page_DEMOQA/button_Submit"), 0)
2025-11-27 22:08:12.774 WARN  c.k.k.c.webui.common.WebUiCommonHelper   - Timeout '0' is invalid. Using default page load timeout: '10'
2025-11-27 22:08:13.015 DEBUG Case01-8-P1 Success Submit Practice Form - 73: scrollToElement(findTestObject("Object Repository/Page_DEMOQA/button_Submit"), 0)
2025-11-27 22:08:13.020 WARN  c.k.k.c.webui.common.WebUiCommonHelper   - Timeout '0' is invalid. Using default page load timeout: '10'
2025-11-27 22:08:13.254 DEBUG Case01-8-P1 Success Submit Practice Form - 74: delay(2)
2025-11-27 22:08:15.268 DEBUG Case01-8-P1 Success Submit Practice Form - 75: verifyElementVisible(findTestObject("Object Repository/Page_DEMOQA/button_Submit"), STOP_ON_FAILURE)
2025-11-27 22:08:15.538 DEBUG Case01-8-P1 Success Submit Practice Form - 76: delay(2)
2025-11-27 22:08:17.546 DEBUG Case01-8-P1 Success Submit Practice Form - 77: click(findTestObject("Object Repository/Page_DEMOQA/button_Submit"))
2025-11-27 22:08:17.890 DEBUG Case01-8-P1 Success Submit Practice Form - 78: delay(2)
2025-11-27 22:08:19.902 DEBUG Case01-8-P1 Success Submit Practice Form - 79: verifyElementVisible(findTestObject("Page_DEMOQA/div_Modal_Success"))
2025-11-27 22:08:20.156 DEBUG Case01-8-P1 Success Submit Practice Form - 80: verifyElementPresent(findTestObject("Page_DEMOQA/button_Close"), 0)
2025-11-27 22:08:20.160 WARN  c.k.k.c.webui.common.WebUiCommonHelper   - Timeout '0' is invalid. Using default page load timeout: '10'
2025-11-27 22:08:20.403 DEBUG Case01-8-P1 Success Submit Practice Form - 81: verifyElementVisible(findTestObject("Page_DEMOQA/button_Close"))
2025-11-27 22:08:20.671 INFO  c.k.katalon.core.main.TestCaseExecutor   - END Test Cases/Positive/Case01-8-P1 Success Submit Practice Form
2025-11-27 22:08:21.993 INFO  c.k.katalon.core.main.TestSuiteExecutor  - --------------------
2025-11-27 22:08:21.993 INFO  c.k.katalon.core.main.TestSuiteExecutor  - END Test Suites/TSPracticeFormPositive
2025-11-27 22:08:21.993 INFO  c.k.katalon.core.main.TestSuiteExecutor  - ====================
