2025-11-23 19:21:00.565 INFO  c.k.k.c.l.logback.LogbackConfigurator    - Logback default configuration initialized from: C:\Users\USER\.katalon\packages\KSE-10.4.2\configuration\org.eclipse.osgi\132\0\.cp\resources\logback\logback-execution.xml
2025-11-23 19:21:00.581 INFO  c.k.k.c.l.logback.LogbackConfigurator    - Logback custom configuration initialized from: T:\Lawrencon\Interview\case01 - Copy\AutomationPracticeForm\AutomationPracticeForm\Include\config\log.properties
2025-11-23 19:21:01.089 INFO  c.k.katalon.core.main.TestSuiteExecutor  - START Test Suites/TSPracticeFormMinLengthMobileNumber
2025-11-23 19:21:01.220 INFO  c.k.katalon.core.main.TestSuiteExecutor  - userFullName = Taufik Romadhon
2025-11-23 19:21:01.223 INFO  c.k.katalon.core.main.TestSuiteExecutor  - projectName = AutomationPracticeForm
2025-11-23 19:21:01.224 INFO  c.k.katalon.core.main.TestSuiteExecutor  - hostName = USER - LAPTOP-KNF1HLK6
2025-11-23 19:21:01.225 INFO  c.k.katalon.core.main.TestSuiteExecutor  - os = Windows 11 64bit
2025-11-23 19:21:01.226 INFO  c.k.katalon.core.main.TestSuiteExecutor  - hostAddress = 172.18.130.155
2025-11-23 19:21:01.227 INFO  c.k.katalon.core.main.TestSuiteExecutor  - katalonVersion = 10.4.2.0
2025-11-23 19:21:01.867 INFO  c.k.katalon.core.main.TestCaseExecutor   - --------------------
2025-11-23 19:21:01.867 INFO  c.k.katalon.core.main.TestCaseExecutor   - START Test Cases/Negative/Case01-6-N6 Alert Notification For Min Length On Mobile Number Field
2025-11-23 19:21:01.923 INFO  c.k.katalon.core.main.TestCaseExecutor   - MobileNumber = 1234567
2025-11-23 19:21:02.464 DEBUG on For Min Length On Mobile Number Field - 1: openBrowser("")
2025-11-23 19:21:02.791 INFO  c.k.k.core.webui.driver.DriverFactory    - Starting 'Chrome (headless)' driver
2025-11-23 19:21:02.860 INFO  c.k.k.core.webui.driver.DriverFactory    - Action delay is set to 0 milliseconds
Nov 23, 2025 7:21:05 PM org.openqa.selenium.devtools.CdpVersionFinder findNearestMatch
WARNING: Unable to find an exact match for CDP version 142, returning the closest version; found: 138; Please update to a Selenium version that supports CDP version 142
2025-11-23 19:21:05.798 INFO  c.k.k.core.webui.driver.DriverFactory    - sessionId = b20c082b3af760f5dfece6755402682e
2025-11-23 19:21:05.800 INFO  c.k.k.core.webui.driver.DriverFactory    - browser = Chrome 142.0.7444.176
2025-11-23 19:21:05.800 INFO  c.k.k.core.webui.driver.DriverFactory    - platform = Windows 11
2025-11-23 19:21:05.802 INFO  c.k.k.core.webui.driver.DriverFactory    - seleniumVersion = 4.34.0
2025-11-23 19:21:05.814 INFO  c.k.k.core.webui.driver.DriverFactory    - proxyInformation = ProxyInformation { proxyOption=NO_PROXY, proxyServerType=HTTP, username=, password=********, proxyServerAddress=, proxyServerPort=0, executionList="", isApplyToDesiredCapabilities=true }
2025-11-23 19:21:05.871 DEBUG on For Min Length On Mobile Number Field - 2: navigateToUrl("https://demoqa.com/automation-practice-form")
2025-11-23 19:21:16.917 DEBUG on For Min Length On Mobile Number Field - 3: maximizeWindow()
2025-11-23 19:21:16.979 DEBUG on For Min Length On Mobile Number Field - 4: delay(2)
2025-11-23 19:21:19.008 DEBUG on For Min Length On Mobile Number Field - 5: verifyElementPresent(findTestObject("Page_DEMOQA/input_(10 Digits)_userNumber"), 8)
2025-11-23 19:21:19.363 DEBUG on For Min Length On Mobile Number Field - 6: verifyElementVisible(findTestObject("Page_DEMOQA/input_(10 Digits)_userNumber"), STOP_ON_FAILURE)
2025-11-23 19:21:19.683 DEBUG on For Min Length On Mobile Number Field - 7: delay(2)
2025-11-23 19:21:21.693 DEBUG on For Min Length On Mobile Number Field - 8: setText(findTestObject("Page_DEMOQA/input_(10 Digits)_userNumber"), MobileNumber)
2025-11-23 19:21:22.507 DEBUG on For Min Length On Mobile Number Field - 9: delay(2)
2025-11-23 19:21:24.512 DEBUG on For Min Length On Mobile Number Field - 10: verifyElementPresent(findTestObject("Object Repository/Page_DEMOQA/button_Submit"), 0)
2025-11-23 19:21:24.512 WARN  c.k.k.c.webui.common.WebUiCommonHelper   - Timeout '0' is invalid. Using default page load timeout: '10'
2025-11-23 19:21:24.762 DEBUG on For Min Length On Mobile Number Field - 11: delay(2)
2025-11-23 19:21:26.776 DEBUG on For Min Length On Mobile Number Field - 12: scrollToElement(findTestObject("Page_DEMOQA/button_Submit"), 100)
2025-11-23 19:21:27.053 DEBUG on For Min Length On Mobile Number Field - 13: delay(2)
2025-11-23 19:21:29.068 DEBUG on For Min Length On Mobile Number Field - 14: verifyElementVisible(findTestObject("Object Repository/Page_DEMOQA/button_Submit"), STOP_ON_FAILURE)
2025-11-23 19:21:29.331 DEBUG on For Min Length On Mobile Number Field - 15: delay(2)
2025-11-23 19:21:31.337 DEBUG on For Min Length On Mobile Number Field - 16: click(findTestObject("Object Repository/Page_DEMOQA/button_Submit"))
2025-11-23 19:21:31.737 DEBUG on For Min Length On Mobile Number Field - 17: delay(2)
2025-11-23 19:21:33.753 DEBUG on For Min Length On Mobile Number Field - 18: scrollToElement(findTestObject("Page_DEMOQA/input_(10 Digits)_userNumber"), 0)
2025-11-23 19:21:33.753 WARN  c.k.k.c.webui.common.WebUiCommonHelper   - Timeout '0' is invalid. Using default page load timeout: '10'
2025-11-23 19:21:34.030 DEBUG on For Min Length On Mobile Number Field - 19: delay(2)
2025-11-23 19:21:36.043 DEBUG on For Min Length On Mobile Number Field - 20: verifyElementPresent(findTestObject("Page_DEMOQA/input_(10 Digits)_userNumber"), 8)
2025-11-23 19:21:36.305 DEBUG on For Min Length On Mobile Number Field - 21: click(findTestObject("Page_DEMOQA/input_(10 Digits)_userNumber"))
2025-11-23 19:21:36.678 DEBUG on For Min Length On Mobile Number Field - 22: verifyElementPresent(findTestObject("Page_DEMOQA/class_Mobile_Number_Invalid"), 8)
2025-11-23 19:21:36.942 INFO  c.k.katalon.core.main.TestCaseExecutor   - END Test Cases/Negative/Case01-6-N6 Alert Notification For Min Length On Mobile Number Field
2025-11-23 19:21:36.946 INFO  c.k.katalon.core.main.TestCaseExecutor   - --------------------
2025-11-23 19:21:36.946 INFO  c.k.katalon.core.main.TestCaseExecutor   - START Test Cases/Negative/Case01-6-N6 Alert Notification For Min Length On Mobile Number Field
2025-11-23 19:21:36.958 INFO  c.k.katalon.core.main.TestCaseExecutor   - MobileNumber = 1234567
2025-11-23 19:21:36.958 DEBUG on For Min Length On Mobile Number Field - 1: openBrowser("")
2025-11-23 19:21:36.958 WARN  c.k.k.core.webui.driver.DriverFactory    - A browser is already opened. Closing browser and opening a new one
2025-11-23 19:21:38.262 INFO  c.k.k.core.webui.driver.DriverFactory    - Starting 'Chrome (headless)' driver
2025-11-23 19:21:38.268 INFO  c.k.k.core.webui.driver.DriverFactory    - Action delay is set to 0 milliseconds
Nov 23, 2025 7:21:39 PM org.openqa.selenium.devtools.CdpVersionFinder findNearestMatch
WARNING: Unable to find an exact match for CDP version 142, returning the closest version; found: 138; Please update to a Selenium version that supports CDP version 142
2025-11-23 19:21:39.433 INFO  c.k.k.core.webui.driver.DriverFactory    - sessionId = 6238de9bf708cc3cd848c9bae64216bd
2025-11-23 19:21:39.434 INFO  c.k.k.core.webui.driver.DriverFactory    - browser = Chrome 142.0.7444.176
2025-11-23 19:21:39.435 INFO  c.k.k.core.webui.driver.DriverFactory    - platform = Windows 11
2025-11-23 19:21:39.436 INFO  c.k.k.core.webui.driver.DriverFactory    - seleniumVersion = 4.34.0
2025-11-23 19:21:39.438 INFO  c.k.k.core.webui.driver.DriverFactory    - proxyInformation = ProxyInformation { proxyOption=NO_PROXY, proxyServerType=HTTP, username=, password=********, proxyServerAddress=, proxyServerPort=0, executionList="", isApplyToDesiredCapabilities=true }
2025-11-23 19:21:39.459 DEBUG on For Min Length On Mobile Number Field - 2: navigateToUrl("https://demoqa.com/automation-practice-form")
